
Parole 0.5.0-dev 
Copyright (C) 2006, 2007, 2008 Max Bane.

Python 2.5.4 (r254:67917, Dec 23 2008, 14:57:27) 
[GCC 4.0.1 (Apple Computer, Inc. build 5363)] on darwin
Type "help", "copyright", "credits" or "license" for more information.
This is an interactive Python interpreter. Use it wisely!
=========================================================

INFO: Setting up console Python interpreter...
INFO: Loading console history file...
INFO: Console up
INFO: Loading font "fonts/ProggySmall.ttf" 16pt
INFO: Loading resource: "fonts/ProggySmall.ttf"
INFO: Ascii map font: fonts/ProggySmall.ttf
INFO: Ascii map font size: 16
INFO: Ascii map antialiasing: False
INFO: Ascii map font makeSquare: True
INFO: Map annotation font: fonts/Arial.ttf
INFO: Map annotation font size: 12
INFO: Loading font "fonts/Arial.ttf" 12pt
INFO: Loading resource: "fonts/Arial.ttf"
INFO: Map default annotation line RGB: [255, 255, 0]
INFO: Map default reticle RGB: [255, 255, 0]
INFO: Map module up
INFO: Parole ready. Entering main loop.
INFO: Loading font "fonts/monaco.ttf" 16pt
INFO: Map creation time (128 x 64): 3849ms => 2128.34502468 tiles per second.
INFO: Map save time: 7957ms
INFO: Parole shutting down.
INFO: Clearing all resources
INFO: Unloading modules: display, input, resource, shader, console, map
